/Users/esamsoe/miniforge3/envs/mpg-horses/lib/python3.13/site-packages/torchvision/models/_utils.py:208: UserWarning: The parameter 'pretrained' is deprecated since 0.13 and may be removed in the future, please use 'weights' instead.
  warnings.warn(
/Users/esamsoe/miniforge3/envs/mpg-horses/lib/python3.13/site-packages/torchvision/models/_utils.py:223: UserWarning: Arguments other than a weight enum or `None` for 'weights' are deprecated since 0.13 and may be removed in the future. The current behavior is equivalent to passing `weights=ResNet18_Weights.IMAGENET1K_V1`. You can also use `weights=ResNet18_Weights.DEFAULT` to get the most up-to-date weights.
  warnings.warn(msg)
Random seed set to 42
Using device: mps
Loading dataset from mpg-ranch/horse-detection
Using authentication for Hugging Face
Loading dataset from cache: data/cached_datasets/mpg-ranch_horse-detection.parquet
Loaded cached dataset with 12780 samples
Creating data loaders
Dataset type: <class 'pandas.core.frame.DataFrame'>
Dataset columns: ['idx', 'Presence', 'Zone', 'Period', 'Recency', 'datetime_groundtruth', 'datetime_aerialsurvey', 'Latitude', 'Longitude', 'Easting', 'Northing', 'Ellipsoidal_height', 'orthomosaic', 'tile_path', 'observation_offset', 'encoded_tile', '__index_level_0__', 'image_base64']
Dataset size: 12780
Label distribution: Presence
1    7100
0    5680
Name: count, dtype: int64
Training set size: 10224
Testing set size: 2556
Creating cnn model
Using device: mps
Epoch 1/30 [Train]:   0%|          | 0/639 [00:00<?, ?it/s]./src/run_horse_detection.sh: line 51: 18567 Terminated: 15          python src/horse_detection.py --dataset_path $DATASET_PATH --use_auth --model_type cnn --batch_size 16 --learning_rate 0.0001 --num_epochs 30 --patience 5 --cache_dir data/cached_datasets --save_model --plot_history
Traceback (most recent call last):
  File "<string>", line 1, in <module>
    from multiprocessing.spawn import spawn_main; spawn_main(tracker_fd=7, pipe_handle=38)
                                                  ~~~~~~~~~~^^^^^^^^^^^^^^^^^^^^^^^^^^^^^^
  File "/Users/esamsoe/miniforge3/envs/mpg-horses/lib/python3.13/multiprocessing/spawn.py", line 122, in spawn_main
    exitcode = _main(fd, parent_sentinel)
  File "/Users/esamsoe/miniforge3/envs/mpg-horses/lib/python3.13/multiprocessing/spawn.py", line 132, in _main
    self = reduction.pickle.load(from_parent)
_pickle.UnpicklingError: pickle data was truncated
/Users/esamsoe/miniforge3/envs/mpg-horses/lib/python3.13/multiprocessing/resource_tracker.py:276: UserWarning: resource_tracker: There appear to be 18 leaked semaphore objects to clean up at shutdown: {'/loky-18567-oe5khssx', '/loky-18567-frwkkfsd', '/loky-18567-pq1cz99q', '/loky-18567-h7wh4hdm', '/loky-18567-mh5umw33', '/loky-18567-l78uckd6', '/loky-18567-fmsaylel', '/loky-18567-wy1jxw00', '/loky-18567-e99q7bug', '/loky-18567-i0itkek6', '/loky-18567-_olqqquh', '/loky-18567-a4ty4tge', '/loky-18567-jl4llkwf', '/loky-18567-otco18nz', '/loky-18567-n3c7nexm', '/loky-18567-_w0y80vn', '/loky-18567-7dvq5eik', '/loky-18567-fysi5127'}
  warnings.warn(
